SF:lib/layers/domain_layer/entities/search/search_response_entity.dart
DA:5,7
DA:7,1
DA:8,1
DA:11,1
DA:12,1
DA:13,3
DA:15,1
DA:17,1
DA:18,1
DA:28,1
LF:10
LH:10
end_of_record
SF:lib/core/global/base/controller/base_controller.dart
DA:8,4
DA:10,0
DA:15,0
DA:16,0
DA:17,0
DA:18,0
DA:19,0
DA:20,0
DA:27,8
DA:29,0
DA:31,0
DA:32,0
LF:12
LH:2
end_of_record
SF:lib/core/global/base/core/api_response_handler.dart
DA:9,0
DA:14,0
DA:15,0
DA:17,0
DA:18,0
DA:19,0
DA:22,0
DA:24,0
DA:26,0
DA:30,0
DA:33,0
DA:34,0
DA:36,0
DA:40,0
DA:41,0
DA:60,0
DA:61,0
DA:62,0
DA:63,0
LF:19
LH:0
end_of_record
SF:lib/core/global/base/core/dual_response.dart
DA:11,1
DA:14,1
DA:19,2
DA:22,0
DA:23,0
DA:27,1
DA:30,1
DA:35,2
DA:38,0
DA:39,0
LF:10
LH:6
end_of_record
SF:lib/core/global/base/module/modular_app.dart
DA:6,0
DA:19,0
DA:20,0
DA:26,0
DA:28,0
DA:29,0
DA:32,0
DA:33,0
DA:34,0
DA:36,0
DA:39,0
DA:40,0
DA:43,0
DA:45,0
DA:46,0
DA:47,0
DA:48,0
DA:61,0
DA:71,0
DA:72,0
DA:73,0
DA:74,0
DA:77,0
DA:78,0
DA:81,0
DA:82,0
DA:85,0
DA:86,0
DA:89,0
DA:90,0
LF:30
LH:0
end_of_record
SF:lib/core/global/base/states/failure_state.dart
DA:10,1
DA:12,0
DA:13,0
DA:15,0
DA:16,0
DA:17,0
DA:20,0
DA:22,0
DA:24,0
DA:37,1
DA:39,0
DA:40,0
DA:47,0
DA:49,0
DA:50,0
DA:54,0
DA:56,0
DA:61,0
DA:63,0
DA:69,0
DA:71,0
LF:21
LH:2
end_of_record
SF:lib/core/global/base/states/success_state.dart
DA:8,4
DA:10,0
DA:11,0
LF:3
LH:1
end_of_record
SF:lib/core/global/clients/http/external_rest_client.dart
DA:6,0
DA:8,0
DA:13,0
DA:14,0
DA:16,0
DA:19,0
DA:24,0
LF:7
LH:0
end_of_record
SF:lib/core/global/clients/http/rest_client.dart
DA:10,0
DA:13,0
DA:24,0
DA:33,0
DA:38,0
DA:39,0
DA:42,0
DA:43,0
DA:47,0
DA:48,0
DA:52,0
DA:53,0
DA:55,0
DA:58,0
DA:63,0
DA:66,0
DA:68,0
DA:69,0
DA:73,0
DA:75,0
DA:76,0
DA:80,0
DA:81,0
DA:86,0
DA:89,0
DA:92,0
DA:93,0
DA:95,0
DA:96,0
DA:100,0
DA:104,0
DA:120,0
DA:128,0
DA:135,0
DA:137,0
DA:138,0
DA:139,0
DA:140,0
DA:141,0
DA:143,0
DA:144,0
DA:148,0
DA:150,0
LF:43
LH:0
end_of_record
SF:lib/core/global/clients/http/base_http_client.dart
DA:11,0
DA:12,0
DA:13,0
DA:16,0
DA:17,0
DA:20,0
DA:21,0
DA:22,0
DA:25,0
DA:26,0
LF:10
LH:0
end_of_record
SF:lib/core/global/extensions/spacement/padding_extension.dart
DA:4,1
DA:5,1
DA:11,1
DA:12,1
LF:4
LH:4
end_of_record
SF:lib/core/global/navigator/navigator_singleton.dart
DA:4,0
DA:6,0
DA:10,0
DA:12,0
DA:13,0
DA:16,0
DA:18,0
DA:19,0
DA:22,0
DA:26,0
DA:32,0
DA:36,0
DA:38,0
DA:43,0
DA:44,0
DA:45,0
DA:49,0
DA:54,0
LF:18
LH:0
end_of_record
SF:lib/core/global/modules/core/core_injector.dart
DA:4,0
DA:8,0
DA:11,0
DA:17,0
DA:20,0
LF:5
LH:0
end_of_record
SF:lib/core/global/modules/core/core_module.dart
DA:5,0
DA:7,0
LF:2
LH:0
end_of_record
SF:lib/core/theme/app_theme.dart
DA:6,0
DA:8,0
DA:9,0
DA:10,0
DA:14,0
DA:28,0
DA:31,0
DA:32,0
DA:35,0
DA:36,0
DA:39,0
DA:40,0
DA:43,0
DA:44,0
DA:47,0
DA:48,0
DA:51,0
DA:53,0
DA:54,0
LF:19
LH:0
end_of_record
SF:lib/core/theme/text_style/text_style.dart
DA:8,0
DA:12,0
DA:20,0
DA:24,0
DA:32,0
DA:36,0
DA:44,0
DA:48,0
DA:56,0
DA:60,0
DA:68,0
DA:72,0
DA:80,0
DA:85,0
DA:94,1
DA:103,1
DA:116,0
DA:120,0
DA:128,0
DA:132,0
DA:140,0
DA:144,0
LF:22
LH:2
end_of_record
SF:lib/core/utils/image_controller/image_controller.dart
DA:22,1
DA:37,1
DA:39,2
DA:41,1
DA:43,1
DA:44,1
DA:45,1
DA:46,1
DA:47,1
DA:51,1
DA:52,1
DA:53,1
DA:54,0
DA:56,0
DA:57,0
DA:58,0
DA:59,0
DA:61,0
DA:62,0
DA:63,0
DA:66,1
DA:69,1
DA:70,0
DA:72,1
DA:73,1
DA:74,1
DA:79,1
DA:80,0
DA:82,0
DA:83,0
DA:84,0
DA:86,0
DA:87,0
DA:88,0
DA:90,0
DA:92,0
DA:93,0
DA:94,0
DA:95,0
DA:96,0
DA:97,0
DA:98,0
DA:99,0
DA:105,1
DA:106,1
DA:107,1
DA:108,1
DA:109,1
DA:110,1
DA:114,0
DA:116,0
DA:117,0
DA:118,0
DA:122,1
DA:123,2
LF:55
LH:26
end_of_record
SF:lib/core/utils/keyboard_dismiss_on_tap/keyboard_dismiss_on_tap.dart
DA:6,0
DA:14,0
DA:15,0
DA:17,0
DA:19,0
DA:21,0
DA:28,0
DA:29,0
DA:30,0
DA:32,0
DA:33,0
DA:34,0
DA:39,0
DA:41,0
DA:42,0
DA:43,0
DA:45,0
DA:46,0
DA:47,0
DA:48,0
DA:50,0
DA:52,0
DA:53,0
DA:54,0
DA:57,0
DA:66,0
DA:71,0
DA:73,0
DA:74,0
DA:75,0
DA:78,0
DA:84,0
DA:91,0
LF:33
LH:0
end_of_record
SF:lib/core/utils/loading_shimmer/loading_shimmer.dart
DA:5,0
DA:16,0
DA:18,0
DA:19,0
DA:20,0
DA:23,0
DA:24,0
DA:25,0
DA:28,0
LF:9
LH:0
end_of_record
SF:lib/layers/data_layer/data_source/search/search_data_source.dart
DA:8,0
DA:10,0
DA:11,0
DA:13,0
LF:4
LH:0
end_of_record
SF:lib/layers/data_layer/repository/search/search_repository_impl.dart
DA:9,0
DA:10,0
DA:14,0
DA:15,0
DA:16,0
LF:5
LH:0
end_of_record
SF:lib/layers/domain_layer/controllers/search/search_internet_controller.dart
DA:8,2
DA:10,2
DA:12,1
DA:13,3
DA:14,1
DA:15,3
DA:19,1
DA:20,4
LF:8
LH:8
end_of_record
SF:lib/layers/domain_layer/controllers/search/search_internet_state.dart
DA:8,4
DA:13,1
DA:17,1
DA:18,0
DA:19,1
DA:23,1
DA:24,3
DA:28,4
DA:30,0
DA:31,0
LF:10
LH:7
end_of_record
SF:lib/layers/presentation_layer/search/search_page.dart
DA:11,1
DA:13,1
DA:14,1
DA:22,1
DA:24,1
DA:26,3
DA:27,1
DA:28,3
DA:29,2
DA:30,4
DA:35,1
DA:37,1
DA:38,1
DA:39,1
DA:40,1
DA:41,1
DA:43,1
DA:44,1
DA:49,1
DA:50,1
DA:52,1
DA:53,1
DA:58,1
DA:60,1
DA:63,1
DA:66,1
DA:67,3
DA:69,1
DA:72,1
DA:73,0
DA:74,0
DA:75,0
DA:76,0
DA:78,0
DA:83,1
LF:35
LH:30
end_of_record
SF:lib/core/components/buttons/ui_button.dart
DA:7,1
DA:28,0
DA:49,0
DA:70,0
DA:91,0
DA:130,1
DA:132,1
DA:133,0
DA:135,1
DA:136,0
DA:138,1
DA:139,0
DA:144,1
DA:145,1
DA:151,1
DA:153,3
DA:155,2
DA:158,2
DA:159,2
DA:160,2
DA:162,1
DA:163,1
DA:166,1
DA:167,0
DA:168,0
DA:169,0
DA:172,0
DA:173,0
DA:175,0
DA:176,0
DA:178,1
DA:179,2
DA:180,2
DA:181,1
DA:183,4
DA:184,2
DA:185,2
DA:186,1
DA:189,1
DA:190,1
DA:191,2
DA:194,2
DA:195,2
DA:196,1
DA:198,2
DA:199,0
DA:201,1
DA:202,2
DA:204,2
DA:205,1
DA:206,2
DA:207,1
DA:208,3
DA:209,1
DA:211,0
DA:212,0
DA:217,1
DA:219,1
DA:220,1
DA:221,2
DA:222,2
DA:223,2
DA:228,1
DA:229,2
DA:235,1
DA:236,2
DA:237,1
DA:243,1
DA:244,4
DA:245,2
DA:246,2
LF:71
LH:54
end_of_record
SF:lib/core/components/text_form_field/ui_text_form_field.dart
DA:46,1
DA:84,1
DA:88,1
DA:89,1
DA:91,1
DA:94,0
DA:95,0
DA:101,1
DA:103,0
DA:105,1
DA:106,1
DA:111,1
DA:113,1
DA:114,1
DA:116,1
DA:117,1
DA:118,0
DA:119,0
DA:121,0
DA:126,0
DA:127,0
DA:129,0
DA:135,0
DA:137,0
DA:140,1
DA:141,1
DA:142,1
DA:143,1
DA:159,1
DA:163,1
DA:165,0
DA:171,1
DA:175,1
DA:182,1
DA:192,1
DA:197,1
DA:202,1
DA:209,1
DA:210,1
DA:215,1
DA:216,1
DA:218,1
DA:219,1
DA:222,1
DA:224,1
DA:225,0
DA:227,0
DA:228,0
DA:234,0
DA:235,0
DA:236,0
DA:244,0
DA:249,1
DA:250,1
DA:254,3
DA:256,1
DA:257,1
DA:259,1
DA:261,4
DA:262,3
DA:263,4
DA:264,0
DA:267,1
DA:270,1
DA:272,1
DA:273,4
DA:274,0
DA:275,0
DA:279,1
DA:281,4
DA:282,1
DA:285,1
DA:287,3
DA:288,0
DA:290,1
DA:293,1
DA:294,4
DA:295,3
DA:300,1
DA:301,1
DA:307,1
DA:314,0
DA:315,0
DA:320,1
DA:321,1
DA:322,1
LF:86
LH:61
end_of_record
